[2025-11-12T07:18:30+01:00] add_item: SQLSTATE[HY093]: Invalid parameter number
[2025-11-12T07:19:26+01:00] add_item: SQLSTATE[HY093]: Invalid parameter number
[2025-11-12T07:20:20+01:00] add_item: SQLSTATE[HY093]: Invalid parameter number
[2025-11-12T07:26:44+01:00] add_item (stage=got_cart): SQLSTATE[HY093]: Invalid parameter number
[2025-11-12T07:29:47+01:00] update_item (stage=update_item): SQLSTATE[HY093]: Invalid parameter number
[2025-11-12T08:34:02+01:00] [IN] add_item pid=448 qty=1 weight=3kg fat=fat-free
[2025-11-12T08:34:02+01:00] [OUT] add_item cart_id=26 item_count=1 grand=40
[2025-11-12T08:34:12+01:00] [IN] add_item pid=448 qty=1 weight=3kg fat=fat-free
[2025-11-12T08:34:12+01:00] [OUT] add_item cart_id=26 item_count=2 grand=80
[2025-11-12T08:34:34+01:00] [IN] add_item pid=438 qty=1 weight=3kg fat=fat-free
[2025-11-12T08:34:34+01:00] [OUT] add_item cart_id=26 item_count=3 grand=240
[2025-11-12T08:39:34+01:00] [IN] add_item pid=412 qty=1 weight=3kg fat=fat-free
[2025-11-12T08:39:34+01:00] [OUT] add_item cart_id=26 item_count=1 grand=190
[2025-11-12T09:05:27+01:00] [IN] add_item pid=458 qty=1 weight=5-lb fat=low-fat
[2025-11-12T09:05:27+01:00] [OUT] add_item cart_id=26 item_count=2 grand=194.9
[2025-11-12T09:21:09+01:00] [IN] add_item pid=458 qty=1 weight= fat=low-fat
[2025-11-12T09:21:10+01:00] [OUT] add_item cart_id=26 item_count=3 grand=199.8
[2025-11-12T09:22:23+01:00] [IN] add_item pid=480 qty=1 weight= fat=2
[2025-11-12T09:22:23+01:00] [OUT] add_item cart_id=26 item_count=1 grand=6.5
[2025-11-12T09:25:42+01:00] [IN] add_item pid=438 qty=1 weight= fat=
[2025-11-12T09:25:42+01:00] [OUT] add_item cart_id=26 item_count=2 grand=56.5
[2025-11-12T09:30:10+01:00] [IN] add_item pid=458 qty=1 weight= fat=3-5
[2025-11-12T09:30:11+01:00] [OUT] add_item cart_id=26 item_count=3 grand=61.4
[2025-11-13T04:50:51+01:00] [IN] add_item pid=458 qty=1 weight=5-lb fat=low-fat
[2025-11-13T04:50:51+01:00] [OUT] add_item cart_id=2 item_count=1 grand=4.41
[2025-11-14T03:15:07+01:00] [IN] add_item pid=458 qty=1 weight=5-lb fat=3.5%
[2025-11-14T03:15:07+01:00] add_item (stage=recalc_totals): SQLSTATE[42S22]: Column not found: 1054 Unknown column 'line_total' in 'field list'
[2025-11-14T03:19:00+01:00] [IN] add_item pid=458 qty=1 weight=5-lb fat=3.5%
[2025-11-14T03:19:00+01:00] add_item (stage=recalc_totals): SQLSTATE[42S22]: Column not found: 1054 Unknown column 'line_total' in 'field list'
[2025-11-14T03:35:17+01:00] [IN] add_item pid=458 qty=1 weight=5-lb fat=low-fat
[2025-11-14T03:35:17+01:00] [OUT] add_item cart_id=2 item_count=1 grand=4.41
[2025-11-14T04:32:27+01:00] [IN] add_item pid=458 qty=1 weight=5-lb fat=low-fat
[2025-11-14T04:32:27+01:00] [OUT] add_item cart_id=2 item_count=2 grand=8.82
